16:21:15.842 [main] INFO  api.test.UserTest2 - **** Updating User ****
16:21:19.422 [main] INFO  api.test.UserTest2 - **** User is Updated ****
16:21:19.429 [main] INFO  api.test.UserTest2 - **** Deleting User ****
16:21:21.283 [main] INFO  api.test.UserTest2 - **** User is Deleted ****
16:40:47.772 [main] INFO  api.test.UserTest2 - ******** Creating User *********
16:40:50.218 [main] INFO  api.test.UserTest2 - ******* User is Created *******
16:40:50.221 [main] INFO  api.test.UserTest2 - **** Reading User ****
16:40:52.427 [main] INFO  api.test.UserTest2 - **** User info is displayed ****
16:40:52.432 [main] INFO  api.test.UserTest2 - **** Updating User ****
16:40:56.027 [main] INFO  api.test.UserTest2 - **** User is Updated ****
16:40:56.031 [main] INFO  api.test.UserTest2 - **** Deleting User ****
16:40:57.865 [main] INFO  api.test.UserTest2 - **** User is Deleted ****
16:54:48.891 [main] INFO  api.test.UserTest - ******** Creating User *********
16:54:53.365 [main] INFO  api.test.UserTest - ******* User is Created *******
16:54:53.367 [main] INFO  api.test.UserTest - **** Reading User ****
16:54:55.478 [main] INFO  api.test.UserTest - **** User info is displayed ****
16:54:55.483 [main] INFO  api.test.UserTest - **** Updating User ****
16:55:00.185 [main] INFO  api.test.UserTest - **** User is Updated ****
16:55:00.190 [main] INFO  api.test.UserTest - **** Deleting User ****
16:55:02.050 [main] INFO  api.test.UserTest - **** User is Deleted ****
17:10:20.488 [main] INFO  api.test.UserTest_Report - ******** Creating User *********
17:10:23.162 [main] INFO  api.test.UserTest_Report - **** Reading User ****
17:10:24.961 [main] INFO  api.test.UserTest_Report - **** Updating User ****
17:10:26.777 [main] INFO  api.test.UserTest_Report - **** Deleting User ****
17:14:33.157 [main] INFO  api.test.UserTest_Report - ******** Creating User *********
17:14:36.505 [main] INFO  api.test.UserTest_Report - **** Reading User ****
17:14:38.308 [main] INFO  api.test.UserTest_Report - **** Updating User ****
17:14:40.043 [main] INFO  api.test.UserTest_Report - **** Deleting User ****
17:15:59.462 [main] INFO  api.test.UserTest_Report - ******** Creating User *********
17:16:02.325 [main] INFO  api.test.UserTest_Report - **** Reading User ****
17:16:04.088 [main] INFO  api.test.UserTest_Report - **** Updating User ****
17:16:05.955 [main] INFO  api.test.UserTest_Report - **** Deleting User ****
17:30:52.016 [main] INFO  api.test.UserTest_Report - ******** Creating User *********
17:30:54.630 [main] INFO  api.test.UserTest_Report - ******* User is Created *******
17:30:54.633 [main] INFO  api.test.UserTest_Report - **** Reading User ****
17:30:56.323 [main] INFO  api.test.UserTest_Report - **** User info is displayed ****
17:30:56.328 [main] INFO  api.test.UserTest_Report - **** Updating User ****
17:31:00.006 [main] INFO  api.test.UserTest_Report - **** User is Updated ****
17:31:00.011 [main] INFO  api.test.UserTest_Report - **** Deleting User ****
17:31:01.769 [main] INFO  api.test.UserTest_Report - **** User is Deleted ****
17:32:56.498 [main] INFO  api.test.UserTest_Report - ******** Creating User *********
17:32:59.026 [main] INFO  api.test.UserTest_Report - ******* User is Created *******
17:32:59.032 [main] INFO  api.test.UserTest_Report - **** Reading User ****
17:33:00.850 [main] INFO  api.test.UserTest_Report - **** User info is displayed ****
17:33:00.856 [main] INFO  api.test.UserTest_Report - **** Updating User ****
17:33:04.345 [main] INFO  api.test.UserTest_Report - **** User is Updated ****
17:33:04.351 [main] INFO  api.test.UserTest_Report - **** Deleting User ****
17:33:06.093 [main] INFO  api.test.UserTest_Report - **** User is Deleted ****
17:44:29.646 [main] INFO  api.test.UserTest_Report - ******** Creating User *********
17:44:32.601 [main] INFO  api.test.UserTest_Report - ******* User is Created *******
17:44:32.603 [main] INFO  api.test.UserTest_Report - **** Reading User ****
17:44:34.702 [main] INFO  api.test.UserTest_Report - **** User info is displayed ****
17:44:34.709 [main] INFO  api.test.UserTest_Report - **** Updating User ****
17:44:38.384 [main] INFO  api.test.UserTest_Report - **** User is Updated ****
17:44:38.390 [main] INFO  api.test.UserTest_Report - **** Deleting User ****
17:44:39.930 [main] INFO  api.test.UserTest_Report - **** User is Deleted ****
17:45:23.670 [main] INFO  api.test.UserTest_Report - ******** Creating User *********
17:45:25.733 [main] INFO  api.test.UserTest_Report - ******* User is Created *******
17:45:25.735 [main] INFO  api.test.UserTest_Report - **** Reading User ****
17:45:27.435 [main] INFO  api.test.UserTest_Report - **** User info is displayed ****
17:45:27.441 [main] INFO  api.test.UserTest_Report - **** Updating User ****
17:45:30.813 [main] INFO  api.test.UserTest_Report - **** User is Updated ****
17:45:30.818 [main] INFO  api.test.UserTest_Report - **** Deleting User ****
17:45:32.780 [main] INFO  api.test.UserTest_Report - **** User is Deleted ****
