17:46:21.980 [main] INFO  api.test.UserTest_Report - ******** Creating User *********
17:46:25.454 [main] INFO  api.test.UserTest_Report - ******* User is Created *******
17:46:25.457 [main] INFO  api.test.UserTest_Report - **** Reading User ****
17:46:27.235 [main] INFO  api.test.UserTest_Report - **** User info is displayed ****
17:46:27.242 [main] INFO  api.test.UserTest_Report - **** Updating User ****
17:46:31.227 [main] INFO  api.test.UserTest_Report - **** User is Updated ****
17:46:31.231 [main] INFO  api.test.UserTest_Report - **** Deleting User ****
17:46:33.096 [main] INFO  api.test.UserTest_Report - **** User is Deleted ****
17:47:48.964 [main] INFO  api.test.UserTest - ******** Creating User *********
17:47:52.284 [main] INFO  api.test.UserTest - ******* User is Created *******
17:47:52.286 [main] INFO  api.test.UserTest - **** Reading User ****
17:47:54.174 [main] INFO  api.test.UserTest - **** User info is displayed ****
17:47:54.178 [main] INFO  api.test.UserTest - **** Updating User ****
17:47:57.860 [main] INFO  api.test.UserTest - **** User is Updated ****
17:47:57.864 [main] INFO  api.test.UserTest - **** Deleting User ****
17:47:59.699 [main] INFO  api.test.UserTest - **** User is Deleted ****
17:49:17.568 [main] INFO  api.test.UserTest - ******** Creating User *********
17:49:20.085 [main] INFO  api.test.UserTest - ******* User is Created *******
17:49:20.087 [main] INFO  api.test.UserTest - **** Reading User ****
17:49:22.138 [main] INFO  api.test.UserTest - **** User info is displayed ****
17:49:22.144 [main] INFO  api.test.UserTest - **** Updating User ****
17:49:25.626 [main] INFO  api.test.UserTest - **** User is Updated ****
17:49:25.632 [main] INFO  api.test.UserTest - **** Deleting User ****
17:49:27.483 [main] INFO  api.test.UserTest - **** User is Deleted ****
18:06:35.503 [main] INFO  api.test.UserTest - ******** Creating User *********
18:06:38.464 [main] INFO  api.test.UserTest - ******* User is Created *******
18:06:38.470 [main] INFO  api.test.UserTest - **** Reading User ****
18:06:40.268 [main] INFO  api.test.UserTest - **** User info is displayed ****
18:06:40.272 [main] INFO  api.test.UserTest - **** Updating User ****
18:06:43.952 [main] INFO  api.test.UserTest - **** User is Updated ****
18:06:43.957 [main] INFO  api.test.UserTest - **** Deleting User ****
18:06:45.706 [main] INFO  api.test.UserTest - **** User is Deleted ****
18:08:28.733 [main] INFO  api.test.UserTest - ******** Creating User *********
18:08:32.218 [main] INFO  api.test.UserTest - ******* User is Created *******
18:08:32.221 [main] INFO  api.test.UserTest - **** Reading User ****
18:08:34.033 [main] INFO  api.test.UserTest - **** User info is displayed ****
18:08:34.038 [main] INFO  api.test.UserTest - **** Updating User ****
18:08:37.717 [main] INFO  api.test.UserTest - **** User is Updated ****
18:08:37.722 [main] INFO  api.test.UserTest - **** Deleting User ****
18:08:39.580 [main] INFO  api.test.UserTest - **** User is Deleted ****
18:16:47.869 [main] INFO  api.test.UserTest - ******** Creating User *********
18:16:51.025 [main] INFO  api.test.UserTest - ******* User is Created *******
18:16:51.028 [main] INFO  api.test.UserTest - **** Reading User ****
18:16:53.331 [main] INFO  api.test.UserTest - **** User info is displayed ****
18:16:53.335 [main] INFO  api.test.UserTest - **** Updating User ****
18:16:56.197 [main] INFO  api.test.UserTest - **** User is Updated ****
18:16:56.203 [main] INFO  api.test.UserTest - **** Deleting User ****
18:16:57.652 [main] INFO  api.test.UserTest - **** User is Deleted ****
18:23:20.877 [main] INFO  api.test.UserTest - ******** Creating User *********
18:23:23.322 [main] INFO  api.test.UserTest - ******* User is Created *******
18:23:23.325 [main] INFO  api.test.UserTest - **** Reading User ****
18:23:25.243 [main] INFO  api.test.UserTest - **** User info is displayed ****
18:23:25.248 [main] INFO  api.test.UserTest - **** Updating User ****
18:23:29.105 [main] INFO  api.test.UserTest - **** User is Updated ****
18:23:29.110 [main] INFO  api.test.UserTest - **** Deleting User ****
18:23:30.969 [main] INFO  api.test.UserTest - **** User is Deleted ****
18:26:32.964 [main] INFO  api.test.UserTest - ******** Creating User *********
18:26:35.731 [main] INFO  api.test.UserTest - ******* User is Created *******
18:26:35.734 [main] INFO  api.test.UserTest - **** Reading User ****
18:26:37.729 [main] INFO  api.test.UserTest - **** User info is displayed ****
18:26:37.735 [main] INFO  api.test.UserTest - **** Updating User ****
18:26:41.311 [main] INFO  api.test.UserTest - **** User is Updated ****
18:26:41.316 [main] INFO  api.test.UserTest - **** Deleting User ****
18:26:42.869 [main] INFO  api.test.UserTest - **** User is Deleted ****
11:38:01.337 [main] INFO  api.test.UserTest - ******** Creating User *********
11:38:04.057 [main] INFO  api.test.UserTest - ******* User is Created *******
11:38:04.064 [main] INFO  api.test.UserTest - **** Reading User ****
11:38:05.856 [main] INFO  api.test.UserTest - **** User info is displayed ****
